app/build/outputs/logs/manifest-merger-debug-report.txt
-- Merging decision tree log ---
manifest
ADDED from src\main\AndroidManifest.xml:2:1-87:12
	xmlns:android
		ADDED from src\main\AndroidManifest.xml:2:11-69
	package
		ADDED from src\main\AndroidManifest.xml:3:7-38
		INJECTED from src\main\AndroidManifest.xml
		INJECTED from src\main\AndroidManifest.xml
	android:versionName
		ADDED from src\main\AndroidManifest.xml:5:7-32
	android:versionCode
		ADDED from src\main\AndroidManifest.xml:4:7-31
		INJECTED from src\main\AndroidManifest.xml
		INJECTED from src\main\AndroidManifest.xml
	android:installLocation
		ADDED from src\main\AndroidManifest.xml:6:7-47
uses-sdk
ADDED from src\main\AndroidManifest.xml:8:5-43
	android:targetSdkVersion
		INJECTED from src\main\AndroidManifest.xml
		INJECTED from src\main\AndroidManifest.xml
	android:minSdkVersion
		ADDED from src\main\AndroidManifest.xml:8:15-41
		INJECTED from src\main\AndroidManifest.xml
		INJECTED from src\main\AndroidManifest.xml
uses-permission#android.permission.ACCESS_FINE_LOCATION
ADDED from src\main\AndroidManifest.xml:10:5-78
	android:name
		ADDED from src\main\AndroidManifest.xml:10:22-76
uses-permission#android.permission.ACCESS_NETWORK_STATE
ADDED from src\main\AndroidManifest.xml:11:5-78
	android:name
		ADDED from src\main\AndroidManifest.xml:11:22-76
uses-permission#android.permission.ACCESS_WIFI_STATE
ADDED from src\main\AndroidManifest.xml:12:5-75
	android:name
		ADDED from src\main\AndroidManifest.xml:12:22-73
uses-permission#android.permission.CHANGE_WIFI_STATE
ADDED from src\main\AndroidManifest.xml:13:5-75
	android:name
		ADDED from src\main\AndroidManifest.xml:13:22-73
uses-permission#android.permission.BLUETOOTH
ADDED from src\main\AndroidManifest.xml:14:5-67
	android:name
		ADDED from src\main\AndroidManifest.xml:14:22-65
uses-permission#android.permission.BLUETOOTH_ADMIN
ADDED from src\main\AndroidManifest.xml:15:5-73
	android:name
		ADDED from src\main\AndroidManifest.xml:15:22-71
uses-permission#android.permission.INTERNET
ADDED from src\main\AndroidManifest.xml:16:5-66
	android:name
		ADDED from src\main\AndroidManifest.xml:16:22-64
uses-permission#android.permission.READ_PHONE_STATE
ADDED from src\main\AndroidManifest.xml:17:5-74
	android:name
		ADDED from src\main\AndroidManifest.xml:17:22-72
uses-permission#android.permission.RECEIVE_BOOT_COMPLETED
ADDED from src\main\AndroidManifest.xml:18:5-80
	android:name
		ADDED from src\main\AndroidManifest.xml:18:22-78
uses-permission#android.permission.READ_EXTERNAL_STORAGE
ADDED from src\main\AndroidManifest.xml:19:5-79
	android:name
		ADDED from src\main\AndroidManifest.xml:19:22-77
uses-permission#android.permission.WRITE_EXTERNAL_STORAGE
ADDED from src\main\AndroidManifest.xml:20:5-80
	android:name
		ADDED from src\main\AndroidManifest.xml:20:22-78
application
ADDED from src\main\AndroidManifest.xml:22:5-86:19
	android:label
		ADDED from src\main\AndroidManifest.xml:22:18-50
	android:icon
		ADDED from src\main\AndroidManifest.xml:23:18-54
	android:largeHeap
		ADDED from src\main\AndroidManifest.xml:25:18-42
	android:name
		ADDED from src\main\AndroidManifest.xml:24:18-45
activity#com.navigine.navigine.SplashActivity
ADDED from src\main\AndroidManifest.xml:28:9-37:20
	android:screenOrientation
		ADDED from src\main\AndroidManifest.xml:31:19-55
	android:noHistory
		ADDED from src\main\AndroidManifest.xml:32:19-43
	android:label
		ADDED from src\main\AndroidManifest.xml:29:19-51
	android:configChanges
		ADDED from src\main\AndroidManifest.xml:30:19-69
	android:name
		ADDED from src\main\AndroidManifest.xml:28:19-48
intent-filter#android.intent.action.MAIN+android.intent.category.LAUNCHER
ADDED from src\main\AndroidManifest.xml:33:13-36:29
action#android.intent.action.MAIN
ADDED from src\main\AndroidManifest.xml:34:17-68
	android:name
		ADDED from src\main\AndroidManifest.xml:34:25-66
category#android.intent.category.LAUNCHER
ADDED from src\main\AndroidManifest.xml:35:17-76
	android:name
		ADDED from src\main\AndroidManifest.xml:35:27-74
activity#com.navigine.navigine.LoginActivity
ADDED from src\main\AndroidManifest.xml:39:9-42:45
	android:screenOrientation
		ADDED from src\main\AndroidManifest.xml:41:19-55
	android:noHistory
		ADDED from src\main\AndroidManifest.xml:42:19-43
	android:configChanges
		ADDED from src\main\AndroidManifest.xml:40:19-69
	android:name
		ADDED from src\main\AndroidManifest.xml:39:19-47
activity#com.navigine.navigine.LoaderActivity
ADDED from src\main\AndroidManifest.xml:44:9-46:57
	android:screenOrientation
		ADDED from src\main\AndroidManifest.xml:46:19-55
	android:configChanges
		ADDED from src\main\AndroidManifest.xml:45:19-69
	android:name
		ADDED from src\main\AndroidManifest.xml:44:19-48
activity#com.navigine.navigine.LocationInfoActivity
ADDED from src\main\AndroidManifest.xml:48:9-50:57
	android:screenOrientation
		ADDED from src\main\AndroidManifest.xml:50:19-55
	android:configChanges
		ADDED from src\main\AndroidManifest.xml:49:19-69
	android:name
		ADDED from src\main\AndroidManifest.xml:48:19-54
activity#com.navigine.navigine.NavigationActivity
ADDED from src\main\AndroidManifest.xml:52:9-54:57
	android:screenOrientation
		ADDED from src\main\AndroidManifest.xml:54:19-55
	android:configChanges
		ADDED from src\main\AndroidManifest.xml:53:19-69
	android:name
		ADDED from src\main\AndroidManifest.xml:52:19-52
activity#com.navigine.navigine.MeasuringActivity
ADDED from src\main\AndroidManifest.xml:56:9-58:57
	android:screenOrientation
		ADDED from src\main\AndroidManifest.xml:58:19-55
	android:configChanges
		ADDED from src\main\AndroidManifest.xml:57:19-69
	android:name
		ADDED from src\main\AndroidManifest.xml:56:19-51
activity#com.navigine.navigine.FilePickerActivity
ADDED from src\main\AndroidManifest.xml:60:9-62:57
	android:screenOrientation
		ADDED from src\main\AndroidManifest.xml:62:19-55
	android:label
		ADDED from src\main\AndroidManifest.xml:61:19-59
	android:name
		ADDED from src\main\AndroidManifest.xml:60:19-52
activity#com.navigine.navigine.DebugActivity
ADDED from src\main\AndroidManifest.xml:64:9-66:57
	android:screenOrientation
		ADDED from src\main\AndroidManifest.xml:66:19-55
	android:configChanges
		ADDED from src\main\AndroidManifest.xml:65:19-69
	android:name
		ADDED from src\main\AndroidManifest.xml:64:19-47
activity#com.navigine.navigine.SettingsActivity
ADDED from src\main\AndroidManifest.xml:68:9-70:57
	android:screenOrientation
		ADDED from src\main\AndroidManifest.xml:70:19-55
	android:configChanges
		ADDED from src\main\AndroidManifest.xml:69:19-69
	android:name
		ADDED from src\main\AndroidManifest.xml:68:19-50
activity#com.navigine.navigine.BeaconActivity
ADDED from src\main\AndroidManifest.xml:72:9-75:58
	android:screenOrientation
		ADDED from src\main\AndroidManifest.xml:74:19-55
	android:label
		ADDED from src\main\AndroidManifest.xml:75:19-56
	android:configChanges
		ADDED from src\main\AndroidManifest.xml:73:19-69
	android:name
		ADDED from src\main\AndroidManifest.xml:72:19-48
service#com.navigine.naviginesdk.BeaconService
ADDED from src\main\AndroidManifest.xml:77:9-99
	android:exported
		ADDED from src\main\AndroidManifest.xml:77:74-97
	android:name
		ADDED from src\main\AndroidManifest.xml:77:19-72
receiver#com.navigine.naviginesdk.BeaconReceiver
ADDED from src\main\AndroidManifest.xml:80:9-84:20
	android:exported
		ADDED from src\main\AndroidManifest.xml:80:97-120
	android:enabled
		ADDED from src\main\AndroidManifest.xml:80:74-96
	android:name
		ADDED from src\main\AndroidManifest.xml:80:19-73
intent-filter#android.intent.action.BOOT_COMPLETED
ADDED from src\main\AndroidManifest.xml:81:13-83:29
action#android.intent.action.BOOT_COMPLETED
ADDED from src\main\AndroidManifest.xml:82:17-78
	android:name
		ADDED from src\main\AndroidManifest.xml:82:25-76